  [1m[35m (0.4ms)[0m  [1m[35mSET NAMES utf8,  @@SESSION.sql_mode = CONCAT(CONCAT(@@sql_mode, ',STRICT_ALL_TABLES'), ',NO_AUTO_VALUE_ON_ZERO'),  @@SESSION.sql_auto_is_null = 0, @@SESSION.wait_timeout = 2147483[0m
  [1m[35m (10.1ms)[0m  [1m[35mCREATE TABLE `schema_migrations` (`version` varchar(255) NOT NULL PRIMARY KEY) ENGINE=InnoDB[0m
  [1m[35m (8.7ms)[0m  [1m[35mCREATE TABLE `ar_internal_metadata` (`key` varchar(255) NOT NULL PRIMARY KEY, `value` varchar(255), `created_at` datetime NOT NULL, `updated_at` datetime NOT NULL) ENGINE=InnoDB[0m
  [1m[35m (0.2ms)[0m  [1m[34mSELECT DATABASE() as db[0m
  [1m[35m (0.1ms)[0m  [1m[34mSELECT GET_LOCK(5465682076396480995, 0)[0m
  [1m[35m (0.2ms)[0m  [1m[34mSELECT `schema_migrations`.`version` FROM `schema_migrations` ORDER BY `schema_migrations`.`version` ASC[0m
Migrating to CreateTransactions (20170725111025)
  [1m[35m (8.1ms)[0m  [1m[35mCREATE TABLE `transactions` (`id` bigint NOT NULL AUTO_INCREMENT PRIMARY KEY, `debit` float, `credit` float, `balance` float, `date` date, `name` varchar(255), `location` text, `category` varchar(255), `created_at` datetime NOT NULL, `updated_at` datetime NOT NULL) ENGINE=InnoDB[0m
  [1m[35m (0.1ms)[0m  [1m[35mBEGIN[0m
  [1m[35mSQL (0.2ms)[0m  [1m[32mINSERT INTO `schema_migrations` (`version`) VALUES ('20170725111025')[0m
  [1m[35m (0.4ms)[0m  [1m[35mCOMMIT[0m
  [1m[36mActiveRecord::InternalMetadata Load (0.2ms)[0m  [1m[34mSELECT  `ar_internal_metadata`.* FROM `ar_internal_metadata` WHERE `ar_internal_metadata`.`key` = 'environment' LIMIT 1[0m
  [1m[35m (0.1ms)[0m  [1m[35mBEGIN[0m
  [1m[35mSQL (0.2ms)[0m  [1m[32mINSERT INTO `ar_internal_metadata` (`key`, `value`, `created_at`, `updated_at`) VALUES ('environment', 'development', '2017-07-25 11:12:18', '2017-07-25 11:12:18')[0m
  [1m[35m (0.4ms)[0m  [1m[35mCOMMIT[0m
  [1m[35m (0.2ms)[0m  [1m[34mSELECT RELEASE_LOCK(5465682076396480995)[0m
  [1m[35m (0.2ms)[0m  [1m[34mSELECT `schema_migrations`.`version` FROM `schema_migrations` ORDER BY `schema_migrations`.`version` ASC[0m
  [1m[35m (0.1ms)[0m  [1m[35mSHOW CREATE TABLE `transactions`[0m
  [1m[35m (0.3ms)[0m  [1m[35mSHOW TABLE STATUS LIKE 'transactions'[0m
  [1m[35m (5.8ms)[0m  [1m[35mSET NAMES utf8,  @@SESSION.sql_mode = CONCAT(CONCAT(@@sql_mode, ',STRICT_ALL_TABLES'), ',NO_AUTO_VALUE_ON_ZERO'),  @@SESSION.sql_auto_is_null = 0, @@SESSION.wait_timeout = 2147483[0m
  [1m[35m (0.1ms)[0m  [1m[34mSELECT DATABASE() as db[0m
  [1m[35m (0.3ms)[0m  [1m[34mSELECT GET_LOCK(5465682076396480995, 0)[0m
  [1m[35m (0.3ms)[0m  [1m[34mSELECT `schema_migrations`.`version` FROM `schema_migrations` ORDER BY `schema_migrations`.`version` ASC[0m
Migrating to CreateTransactions (20170801011017)
  [1m[35m (0.7ms)[0m  [1m[35mCREATE TABLE `transactions` (`id` bigint NOT NULL AUTO_INCREMENT PRIMARY KEY, `debit` float, `credit` float, `balance` float, `date` date, `name` varchar(255), `location` text, `category` varchar(255), `created_at` datetime NOT NULL, `updated_at` datetime NOT NULL) ENGINE=InnoDB[0m
  [1m[35m (0.2ms)[0m  [1m[34mSELECT RELEASE_LOCK(5465682076396480995)[0m
  [1m[35m (0.3ms)[0m  [1m[35mSET NAMES utf8,  @@SESSION.sql_mode = CONCAT(CONCAT(@@sql_mode, ',STRICT_ALL_TABLES'), ',NO_AUTO_VALUE_ON_ZERO'),  @@SESSION.sql_auto_is_null = 0, @@SESSION.wait_timeout = 2147483[0m
  [1m[35m (0.1ms)[0m  [1m[34mSELECT DATABASE() as db[0m
  [1m[35m (0.1ms)[0m  [1m[34mSELECT GET_LOCK(5465682076396480995, 0)[0m
  [1m[35m (0.2ms)[0m  [1m[34mSELECT `schema_migrations`.`version` FROM `schema_migrations` ORDER BY `schema_migrations`.`version` ASC[0m
Migrating to CreateTransactions (20170801011017)
  [1m[35m (9.4ms)[0m  [1m[35mCREATE TABLE `transactions` (`id` bigint NOT NULL AUTO_INCREMENT PRIMARY KEY, `debit` float, `credit` float, `balance` float, `date` date, `name` varchar(255), `location` text, `category` varchar(255), `created_at` datetime NOT NULL, `updated_at` datetime NOT NULL) ENGINE=InnoDB[0m
  [1m[35m (0.1ms)[0m  [1m[35mBEGIN[0m
  [1m[35mSQL (1.3ms)[0m  [1m[32mINSERT INTO `schema_migrations` (`version`) VALUES ('20170801011017')[0m
  [1m[35m (0.6ms)[0m  [1m[35mCOMMIT[0m
  [1m[36mActiveRecord::InternalMetadata Load (0.2ms)[0m  [1m[34mSELECT  `ar_internal_metadata`.* FROM `ar_internal_metadata` WHERE `ar_internal_metadata`.`key` = 'environment' LIMIT 1[0m
  [1m[35m (0.2ms)[0m  [1m[35mBEGIN[0m
  [1m[35m (0.1ms)[0m  [1m[35mCOMMIT[0m
  [1m[35m (0.1ms)[0m  [1m[34mSELECT RELEASE_LOCK(5465682076396480995)[0m
  [1m[35m (0.2ms)[0m  [1m[34mSELECT `schema_migrations`.`version` FROM `schema_migrations` ORDER BY `schema_migrations`.`version` ASC[0m
  [1m[35m (0.1ms)[0m  [1m[35mSHOW CREATE TABLE `transactions`[0m
  [1m[35m (0.3ms)[0m  [1m[35mSHOW TABLE STATUS LIKE 'transactions'[0m
Started GET "/" for 127.0.0.1 at 2017-07-31 21:38:22 -0400
  [1m[35m (0.3ms)[0m  [1m[35mSET NAMES utf8,  @@SESSION.sql_mode = CONCAT(CONCAT(@@sql_mode, ',STRICT_ALL_TABLES'), ',NO_AUTO_VALUE_ON_ZERO'),  @@SESSION.sql_auto_is_null = 0, @@SESSION.wait_timeout = 2147483[0m
  [1m[35m (0.2ms)[0m  [1m[34mSELECT `schema_migrations`.`version` FROM `schema_migrations` ORDER BY `schema_migrations`.`version` ASC[0m
Processing by Rails::WelcomeController#index as HTML
  Rendering /Users/d_berman/.rbenv/versions/2.4.0/lib/ruby/gems/2.4.0/gems/railties-5.1.2/lib/rails/templates/rails/welcome/index.html.erb
  Rendered /Users/d_berman/.rbenv/versions/2.4.0/lib/ruby/gems/2.4.0/gems/railties-5.1.2/lib/rails/templates/rails/welcome/index.html.erb (3.8ms)
Completed 200 OK in 12ms (Views: 9.4ms | ActiveRecord: 0.0ms)


Started GET "/favicon.ico" for 127.0.0.1 at 2017-07-31 21:38:23 -0400
  
ActionController::RoutingError (No route matches [GET] "/favicon.ico"):
  
actionpack (5.1.2) lib/action_dispatch/middleware/debug_exceptions.rb:63:in `call'
actionpack (5.1.2) lib/action_dispatch/middleware/show_exceptions.rb:31:in `call'
railties (5.1.2) lib/rails/rack/logger.rb:36:in `call_app'
railties (5.1.2) lib/rails/rack/logger.rb:24:in `block in call'
activesupport (5.1.2) lib/active_support/tagged_logging.rb:69:in `block in tagged'
activesupport (5.1.2) lib/active_support/tagged_logging.rb:26:in `tagged'
activesupport (5.1.2) lib/active_support/tagged_logging.rb:69:in `tagged'
railties (5.1.2) lib/rails/rack/logger.rb:24:in `call'
actionpack (5.1.2) lib/action_dispatch/middleware/remote_ip.rb:79:in `call'
actionpack (5.1.2) lib/action_dispatch/middleware/request_id.rb:25:in `call'
rack (2.0.3) lib/rack/runtime.rb:22:in `call'
activesupport (5.1.2) lib/active_support/cache/strategy/local_cache_middleware.rb:27:in `call'
actionpack (5.1.2) lib/action_dispatch/middleware/executor.rb:12:in `call'
actionpack (5.1.2) lib/action_dispatch/middleware/static.rb:125:in `call'
rack (2.0.3) lib/rack/sendfile.rb:111:in `call'
railties (5.1.2) lib/rails/engine.rb:522:in `call'
puma (3.9.1) lib/puma/configuration.rb:224:in `call'
puma (3.9.1) lib/puma/server.rb:602:in `handle_request'
puma (3.9.1) lib/puma/server.rb:435:in `process_client'
puma (3.9.1) lib/puma/server.rb:299:in `block in run'
puma (3.9.1) lib/puma/thread_pool.rb:120:in `block in spawn_thread'
Started GET "/transaction" for 127.0.0.1 at 2017-07-31 21:39:39 -0400
  [1m[35m (0.2ms)[0m  [1m[35mSET NAMES utf8,  @@SESSION.sql_mode = CONCAT(CONCAT(@@sql_mode, ',STRICT_ALL_TABLES'), ',NO_AUTO_VALUE_ON_ZERO'),  @@SESSION.sql_auto_is_null = 0, @@SESSION.wait_timeout = 2147483[0m
  
ActionController::RoutingError (No route matches [GET] "/transaction"):
  
actionpack (5.1.2) lib/action_dispatch/middleware/debug_exceptions.rb:63:in `call'
actionpack (5.1.2) lib/action_dispatch/middleware/show_exceptions.rb:31:in `call'
railties (5.1.2) lib/rails/rack/logger.rb:36:in `call_app'
railties (5.1.2) lib/rails/rack/logger.rb:24:in `block in call'
activesupport (5.1.2) lib/active_support/tagged_logging.rb:69:in `block in tagged'
activesupport (5.1.2) lib/active_support/tagged_logging.rb:26:in `tagged'
activesupport (5.1.2) lib/active_support/tagged_logging.rb:69:in `tagged'
railties (5.1.2) lib/rails/rack/logger.rb:24:in `call'
actionpack (5.1.2) lib/action_dispatch/middleware/remote_ip.rb:79:in `call'
actionpack (5.1.2) lib/action_dispatch/middleware/request_id.rb:25:in `call'
rack (2.0.3) lib/rack/runtime.rb:22:in `call'
activesupport (5.1.2) lib/active_support/cache/strategy/local_cache_middleware.rb:27:in `call'
actionpack (5.1.2) lib/action_dispatch/middleware/executor.rb:12:in `call'
actionpack (5.1.2) lib/action_dispatch/middleware/static.rb:125:in `call'
rack (2.0.3) lib/rack/sendfile.rb:111:in `call'
railties (5.1.2) lib/rails/engine.rb:522:in `call'
puma (3.9.1) lib/puma/configuration.rb:224:in `call'
puma (3.9.1) lib/puma/server.rb:602:in `handle_request'
puma (3.9.1) lib/puma/server.rb:435:in `process_client'
puma (3.9.1) lib/puma/server.rb:299:in `block in run'
puma (3.9.1) lib/puma/thread_pool.rb:120:in `block in spawn_thread'
Started GET "/transactions" for 127.0.0.1 at 2017-07-31 21:39:54 -0400
  
ActionController::RoutingError (No route matches [GET] "/transactions"):
  
actionpack (5.1.2) lib/action_dispatch/middleware/debug_exceptions.rb:63:in `call'
actionpack (5.1.2) lib/action_dispatch/middleware/show_exceptions.rb:31:in `call'
railties (5.1.2) lib/rails/rack/logger.rb:36:in `call_app'
railties (5.1.2) lib/rails/rack/logger.rb:24:in `block in call'
activesupport (5.1.2) lib/active_support/tagged_logging.rb:69:in `block in tagged'
activesupport (5.1.2) lib/active_support/tagged_logging.rb:26:in `tagged'
activesupport (5.1.2) lib/active_support/tagged_logging.rb:69:in `tagged'
railties (5.1.2) lib/rails/rack/logger.rb:24:in `call'
actionpack (5.1.2) lib/action_dispatch/middleware/remote_ip.rb:79:in `call'
actionpack (5.1.2) lib/action_dispatch/middleware/request_id.rb:25:in `call'
rack (2.0.3) lib/rack/runtime.rb:22:in `call'
activesupport (5.1.2) lib/active_support/cache/strategy/local_cache_middleware.rb:27:in `call'
actionpack (5.1.2) lib/action_dispatch/middleware/executor.rb:12:in `call'
actionpack (5.1.2) lib/action_dispatch/middleware/static.rb:125:in `call'
rack (2.0.3) lib/rack/sendfile.rb:111:in `call'
railties (5.1.2) lib/rails/engine.rb:522:in `call'
puma (3.9.1) lib/puma/configuration.rb:224:in `call'
puma (3.9.1) lib/puma/server.rb:602:in `handle_request'
puma (3.9.1) lib/puma/server.rb:435:in `process_client'
puma (3.9.1) lib/puma/server.rb:299:in `block in run'
puma (3.9.1) lib/puma/thread_pool.rb:120:in `block in spawn_thread'
Started GET "/transactions" for 127.0.0.1 at 2017-07-31 21:40:08 -0400
  
ActionController::RoutingError (No route matches [GET] "/transactions"):
  
actionpack (5.1.2) lib/action_dispatch/middleware/debug_exceptions.rb:63:in `call'
actionpack (5.1.2) lib/action_dispatch/middleware/show_exceptions.rb:31:in `call'
railties (5.1.2) lib/rails/rack/logger.rb:36:in `call_app'
railties (5.1.2) lib/rails/rack/logger.rb:24:in `block in call'
activesupport (5.1.2) lib/active_support/tagged_logging.rb:69:in `block in tagged'
activesupport (5.1.2) lib/active_support/tagged_logging.rb:26:in `tagged'
activesupport (5.1.2) lib/active_support/tagged_logging.rb:69:in `tagged'
railties (5.1.2) lib/rails/rack/logger.rb:24:in `call'
actionpack (5.1.2) lib/action_dispatch/middleware/remote_ip.rb:79:in `call'
actionpack (5.1.2) lib/action_dispatch/middleware/request_id.rb:25:in `call'
rack (2.0.3) lib/rack/runtime.rb:22:in `call'
activesupport (5.1.2) lib/active_support/cache/strategy/local_cache_middleware.rb:27:in `call'
actionpack (5.1.2) lib/action_dispatch/middleware/executor.rb:12:in `call'
actionpack (5.1.2) lib/action_dispatch/middleware/static.rb:125:in `call'
rack (2.0.3) lib/rack/sendfile.rb:111:in `call'
railties (5.1.2) lib/rails/engine.rb:522:in `call'
puma (3.9.1) lib/puma/configuration.rb:224:in `call'
puma (3.9.1) lib/puma/server.rb:602:in `handle_request'
puma (3.9.1) lib/puma/server.rb:435:in `process_client'
puma (3.9.1) lib/puma/server.rb:299:in `block in run'
puma (3.9.1) lib/puma/thread_pool.rb:120:in `block in spawn_thread'
Started GET "/transactions" for 127.0.0.1 at 2017-07-31 21:55:25 -0400
  
NoMethodError (undefined method `rescources' for #<ActionDispatch::Routing::Mapper:0x007f8153e04440>
Did you mean?  resources
               resource):
  
config/routes.rb:4:in `block (2 levels) in <top (required)>'
config/routes.rb:3:in `block in <top (required)>'
config/routes.rb:1:in `<top (required)>'
Started GET "/transactions" for 127.0.0.1 at 2017-07-31 21:56:00 -0400
  
ActionController::RoutingError (No route matches [GET] "/transactions"):
  
actionpack (5.1.2) lib/action_dispatch/middleware/debug_exceptions.rb:63:in `call'
actionpack (5.1.2) lib/action_dispatch/middleware/show_exceptions.rb:31:in `call'
railties (5.1.2) lib/rails/rack/logger.rb:36:in `call_app'
railties (5.1.2) lib/rails/rack/logger.rb:24:in `block in call'
activesupport (5.1.2) lib/active_support/tagged_logging.rb:69:in `block in tagged'
activesupport (5.1.2) lib/active_support/tagged_logging.rb:26:in `tagged'
activesupport (5.1.2) lib/active_support/tagged_logging.rb:69:in `tagged'
railties (5.1.2) lib/rails/rack/logger.rb:24:in `call'
actionpack (5.1.2) lib/action_dispatch/middleware/remote_ip.rb:79:in `call'
actionpack (5.1.2) lib/action_dispatch/middleware/request_id.rb:25:in `call'
rack (2.0.3) lib/rack/runtime.rb:22:in `call'
activesupport (5.1.2) lib/active_support/cache/strategy/local_cache_middleware.rb:27:in `call'
actionpack (5.1.2) lib/action_dispatch/middleware/executor.rb:12:in `call'
actionpack (5.1.2) lib/action_dispatch/middleware/static.rb:125:in `call'
rack (2.0.3) lib/rack/sendfile.rb:111:in `call'
railties (5.1.2) lib/rails/engine.rb:522:in `call'
puma (3.9.1) lib/puma/configuration.rb:224:in `call'
puma (3.9.1) lib/puma/server.rb:602:in `handle_request'
puma (3.9.1) lib/puma/server.rb:435:in `process_client'
puma (3.9.1) lib/puma/server.rb:299:in `block in run'
puma (3.9.1) lib/puma/thread_pool.rb:120:in `block in spawn_thread'
Started GET "/transactions" for 127.0.0.1 at 2017-07-31 21:56:57 -0400
  
ActionController::RoutingError (No route matches [GET] "/transactions"):
  
actionpack (5.1.2) lib/action_dispatch/middleware/debug_exceptions.rb:63:in `call'
actionpack (5.1.2) lib/action_dispatch/middleware/show_exceptions.rb:31:in `call'
railties (5.1.2) lib/rails/rack/logger.rb:36:in `call_app'
railties (5.1.2) lib/rails/rack/logger.rb:24:in `block in call'
activesupport (5.1.2) lib/active_support/tagged_logging.rb:69:in `block in tagged'
activesupport (5.1.2) lib/active_support/tagged_logging.rb:26:in `tagged'
activesupport (5.1.2) lib/active_support/tagged_logging.rb:69:in `tagged'
railties (5.1.2) lib/rails/rack/logger.rb:24:in `call'
actionpack (5.1.2) lib/action_dispatch/middleware/remote_ip.rb:79:in `call'
actionpack (5.1.2) lib/action_dispatch/middleware/request_id.rb:25:in `call'
rack (2.0.3) lib/rack/runtime.rb:22:in `call'
activesupport (5.1.2) lib/active_support/cache/strategy/local_cache_middleware.rb:27:in `call'
actionpack (5.1.2) lib/action_dispatch/middleware/executor.rb:12:in `call'
actionpack (5.1.2) lib/action_dispatch/middleware/static.rb:125:in `call'
rack (2.0.3) lib/rack/sendfile.rb:111:in `call'
railties (5.1.2) lib/rails/engine.rb:522:in `call'
puma (3.9.1) lib/puma/configuration.rb:224:in `call'
puma (3.9.1) lib/puma/server.rb:602:in `handle_request'
puma (3.9.1) lib/puma/server.rb:435:in `process_client'
puma (3.9.1) lib/puma/server.rb:299:in `block in run'
puma (3.9.1) lib/puma/thread_pool.rb:120:in `block in spawn_thread'
Started GET "/transaction" for 127.0.0.1 at 2017-07-31 21:57:20 -0400
  
ActionController::RoutingError (No route matches [GET] "/transaction"):
  
actionpack (5.1.2) lib/action_dispatch/middleware/debug_exceptions.rb:63:in `call'
actionpack (5.1.2) lib/action_dispatch/middleware/show_exceptions.rb:31:in `call'
railties (5.1.2) lib/rails/rack/logger.rb:36:in `call_app'
railties (5.1.2) lib/rails/rack/logger.rb:24:in `block in call'
activesupport (5.1.2) lib/active_support/tagged_logging.rb:69:in `block in tagged'
activesupport (5.1.2) lib/active_support/tagged_logging.rb:26:in `tagged'
activesupport (5.1.2) lib/active_support/tagged_logging.rb:69:in `tagged'
railties (5.1.2) lib/rails/rack/logger.rb:24:in `call'
actionpack (5.1.2) lib/action_dispatch/middleware/remote_ip.rb:79:in `call'
actionpack (5.1.2) lib/action_dispatch/middleware/request_id.rb:25:in `call'
rack (2.0.3) lib/rack/runtime.rb:22:in `call'
activesupport (5.1.2) lib/active_support/cache/strategy/local_cache_middleware.rb:27:in `call'
actionpack (5.1.2) lib/action_dispatch/middleware/executor.rb:12:in `call'
actionpack (5.1.2) lib/action_dispatch/middleware/static.rb:125:in `call'
rack (2.0.3) lib/rack/sendfile.rb:111:in `call'
railties (5.1.2) lib/rails/engine.rb:522:in `call'
puma (3.9.1) lib/puma/configuration.rb:224:in `call'
puma (3.9.1) lib/puma/server.rb:602:in `handle_request'
puma (3.9.1) lib/puma/server.rb:435:in `process_client'
puma (3.9.1) lib/puma/server.rb:299:in `block in run'
puma (3.9.1) lib/puma/thread_pool.rb:120:in `block in spawn_thread'
Started GET "/transaction" for 127.0.0.1 at 2017-07-31 21:57:24 -0400
  
ActionController::RoutingError (No route matches [GET] "/transaction"):
  
actionpack (5.1.2) lib/action_dispatch/middleware/debug_exceptions.rb:63:in `call'
actionpack (5.1.2) lib/action_dispatch/middleware/show_exceptions.rb:31:in `call'
railties (5.1.2) lib/rails/rack/logger.rb:36:in `call_app'
railties (5.1.2) lib/rails/rack/logger.rb:24:in `block in call'
activesupport (5.1.2) lib/active_support/tagged_logging.rb:69:in `block in tagged'
activesupport (5.1.2) lib/active_support/tagged_logging.rb:26:in `tagged'
activesupport (5.1.2) lib/active_support/tagged_logging.rb:69:in `tagged'
railties (5.1.2) lib/rails/rack/logger.rb:24:in `call'
actionpack (5.1.2) lib/action_dispatch/middleware/remote_ip.rb:79:in `call'
actionpack (5.1.2) lib/action_dispatch/middleware/request_id.rb:25:in `call'
rack (2.0.3) lib/rack/runtime.rb:22:in `call'
activesupport (5.1.2) lib/active_support/cache/strategy/local_cache_middleware.rb:27:in `call'
actionpack (5.1.2) lib/action_dispatch/middleware/executor.rb:12:in `call'
actionpack (5.1.2) lib/action_dispatch/middleware/static.rb:125:in `call'
rack (2.0.3) lib/rack/sendfile.rb:111:in `call'
railties (5.1.2) lib/rails/engine.rb:522:in `call'
puma (3.9.1) lib/puma/configuration.rb:224:in `call'
puma (3.9.1) lib/puma/server.rb:602:in `handle_request'
puma (3.9.1) lib/puma/server.rb:435:in `process_client'
puma (3.9.1) lib/puma/server.rb:299:in `block in run'
puma (3.9.1) lib/puma/thread_pool.rb:120:in `block in spawn_thread'
Started GET "/transaction" for 127.0.0.1 at 2017-07-31 21:58:55 -0400
  
ActionController::RoutingError (No route matches [GET] "/transaction"):
  
actionpack (5.1.2) lib/action_dispatch/middleware/debug_exceptions.rb:63:in `call'
actionpack (5.1.2) lib/action_dispatch/middleware/show_exceptions.rb:31:in `call'
railties (5.1.2) lib/rails/rack/logger.rb:36:in `call_app'
railties (5.1.2) lib/rails/rack/logger.rb:24:in `block in call'
activesupport (5.1.2) lib/active_support/tagged_logging.rb:69:in `block in tagged'
activesupport (5.1.2) lib/active_support/tagged_logging.rb:26:in `tagged'
activesupport (5.1.2) lib/active_support/tagged_logging.rb:69:in `tagged'
railties (5.1.2) lib/rails/rack/logger.rb:24:in `call'
actionpack (5.1.2) lib/action_dispatch/middleware/remote_ip.rb:79:in `call'
actionpack (5.1.2) lib/action_dispatch/middleware/request_id.rb:25:in `call'
rack (2.0.3) lib/rack/runtime.rb:22:in `call'
activesupport (5.1.2) lib/active_support/cache/strategy/local_cache_middleware.rb:27:in `call'
actionpack (5.1.2) lib/action_dispatch/middleware/executor.rb:12:in `call'
actionpack (5.1.2) lib/action_dispatch/middleware/static.rb:125:in `call'
rack (2.0.3) lib/rack/sendfile.rb:111:in `call'
railties (5.1.2) lib/rails/engine.rb:522:in `call'
puma (3.9.1) lib/puma/configuration.rb:224:in `call'
puma (3.9.1) lib/puma/server.rb:602:in `handle_request'
puma (3.9.1) lib/puma/server.rb:435:in `process_client'
puma (3.9.1) lib/puma/server.rb:299:in `block in run'
puma (3.9.1) lib/puma/thread_pool.rb:120:in `block in spawn_thread'
Started GET "/transactions" for 127.0.0.1 at 2017-07-31 21:58:59 -0400
  
ActionController::RoutingError (No route matches [GET] "/transactions"):
  
actionpack (5.1.2) lib/action_dispatch/middleware/debug_exceptions.rb:63:in `call'
actionpack (5.1.2) lib/action_dispatch/middleware/show_exceptions.rb:31:in `call'
railties (5.1.2) lib/rails/rack/logger.rb:36:in `call_app'
railties (5.1.2) lib/rails/rack/logger.rb:24:in `block in call'
activesupport (5.1.2) lib/active_support/tagged_logging.rb:69:in `block in tagged'
activesupport (5.1.2) lib/active_support/tagged_logging.rb:26:in `tagged'
activesupport (5.1.2) lib/active_support/tagged_logging.rb:69:in `tagged'
railties (5.1.2) lib/rails/rack/logger.rb:24:in `call'
actionpack (5.1.2) lib/action_dispatch/middleware/remote_ip.rb:79:in `call'
actionpack (5.1.2) lib/action_dispatch/middleware/request_id.rb:25:in `call'
rack (2.0.3) lib/rack/runtime.rb:22:in `call'
activesupport (5.1.2) lib/active_support/cache/strategy/local_cache_middleware.rb:27:in `call'
actionpack (5.1.2) lib/action_dispatch/middleware/executor.rb:12:in `call'
actionpack (5.1.2) lib/action_dispatch/middleware/static.rb:125:in `call'
rack (2.0.3) lib/rack/sendfile.rb:111:in `call'
railties (5.1.2) lib/rails/engine.rb:522:in `call'
puma (3.9.1) lib/puma/configuration.rb:224:in `call'
puma (3.9.1) lib/puma/server.rb:602:in `handle_request'
puma (3.9.1) lib/puma/server.rb:435:in `process_client'
puma (3.9.1) lib/puma/server.rb:299:in `block in run'
puma (3.9.1) lib/puma/thread_pool.rb:120:in `block in spawn_thread'
Started GET "/transactions" for 127.0.0.1 at 2017-07-31 21:59:06 -0400
  
ActionController::RoutingError (No route matches [GET] "/transactions"):
  
actionpack (5.1.2) lib/action_dispatch/middleware/debug_exceptions.rb:63:in `call'
actionpack (5.1.2) lib/action_dispatch/middleware/show_exceptions.rb:31:in `call'
railties (5.1.2) lib/rails/rack/logger.rb:36:in `call_app'
railties (5.1.2) lib/rails/rack/logger.rb:24:in `block in call'
activesupport (5.1.2) lib/active_support/tagged_logging.rb:69:in `block in tagged'
activesupport (5.1.2) lib/active_support/tagged_logging.rb:26:in `tagged'
activesupport (5.1.2) lib/active_support/tagged_logging.rb:69:in `tagged'
railties (5.1.2) lib/rails/rack/logger.rb:24:in `call'
actionpack (5.1.2) lib/action_dispatch/middleware/remote_ip.rb:79:in `call'
actionpack (5.1.2) lib/action_dispatch/middleware/request_id.rb:25:in `call'
rack (2.0.3) lib/rack/runtime.rb:22:in `call'
activesupport (5.1.2) lib/active_support/cache/strategy/local_cache_middleware.rb:27:in `call'
actionpack (5.1.2) lib/action_dispatch/middleware/executor.rb:12:in `call'
actionpack (5.1.2) lib/action_dispatch/middleware/static.rb:125:in `call'
rack (2.0.3) lib/rack/sendfile.rb:111:in `call'
railties (5.1.2) lib/rails/engine.rb:522:in `call'
puma (3.9.1) lib/puma/configuration.rb:224:in `call'
puma (3.9.1) lib/puma/server.rb:602:in `handle_request'
puma (3.9.1) lib/puma/server.rb:435:in `process_client'
puma (3.9.1) lib/puma/server.rb:299:in `block in run'
puma (3.9.1) lib/puma/thread_pool.rb:120:in `block in spawn_thread'
Started GET "/rails/info/routes?path=a" for 127.0.0.1 at 2017-07-31 21:59:47 -0400
Processing by Rails::InfoController#routes as */*
  Parameters: {"path"=>"a"}
Completed 200 OK in 1ms (Views: 0.3ms | ActiveRecord: 0.0ms)


Started GET "/rails/info/routes?path=/" for 127.0.0.1 at 2017-07-31 21:59:50 -0400
Processing by Rails::InfoController#routes as */*
  Parameters: {"path"=>"/"}
Completed 200 OK in 1ms (Views: 0.2ms | ActiveRecord: 0.0ms)


Started GET "/rails/info/routes?path=/p" for 127.0.0.1 at 2017-07-31 21:59:54 -0400
Processing by Rails::InfoController#routes as */*
  Parameters: {"path"=>"/p"}
Completed 200 OK in 1ms (Views: 0.2ms | ActiveRecord: 0.0ms)


Started GET "/rails/info/routes?path=/ap" for 127.0.0.1 at 2017-07-31 21:59:55 -0400
Processing by Rails::InfoController#routes as */*
  Parameters: {"path"=>"/ap"}
Completed 200 OK in 1ms (Views: 0.2ms | ActiveRecord: 0.0ms)


Started GET "/rails/info/routes?path=/api" for 127.0.0.1 at 2017-07-31 21:59:56 -0400
Processing by Rails::InfoController#routes as */*
  Parameters: {"path"=>"/api"}
Completed 200 OK in 1ms (Views: 0.2ms | ActiveRecord: 0.0ms)


Started GET "/rails/info/routes?path=/api" for 127.0.0.1 at 2017-07-31 21:59:56 -0400
Processing by Rails::InfoController#routes as */*
  Parameters: {"path"=>"/api"}
Completed 200 OK in 1ms (Views: 0.2ms | ActiveRecord: 0.0ms)


Started GET "/api/transactions" for 127.0.0.1 at 2017-07-31 22:00:01 -0400
Processing by Api::TransactionsController#index as HTML
Completed 500 Internal Server Error in 4ms (ActiveRecord: 0.0ms)


  
JSONAPI::Serializer::AmbiguousCollectionError (Must provide `is_collection: true` to `serialize` when serializing collections.):
  
app/controllers/api/transactions_controller.rb:3:in `index'
Started GET "/api/transactions" for 127.0.0.1 at 2017-07-31 22:00:45 -0400
Processing by Api::TransactionsController#index as HTML
  [1m[36mTransaction Exists (0.3ms)[0m  [1m[34mSELECT  1 AS one FROM `transactions` LIMIT 1[0m
Completed 200 OK in 8ms (Views: 0.2ms | ActiveRecord: 1.0ms)


Started GET "/transactions" for 127.0.0.1 at 2017-07-31 22:01:00 -0400
  
ActionController::RoutingError (No route matches [GET] "/transactions"):
  
actionpack (5.1.2) lib/action_dispatch/middleware/debug_exceptions.rb:63:in `call'
actionpack (5.1.2) lib/action_dispatch/middleware/show_exceptions.rb:31:in `call'
railties (5.1.2) lib/rails/rack/logger.rb:36:in `call_app'
railties (5.1.2) lib/rails/rack/logger.rb:24:in `block in call'
activesupport (5.1.2) lib/active_support/tagged_logging.rb:69:in `block in tagged'
activesupport (5.1.2) lib/active_support/tagged_logging.rb:26:in `tagged'
activesupport (5.1.2) lib/active_support/tagged_logging.rb:69:in `tagged'
railties (5.1.2) lib/rails/rack/logger.rb:24:in `call'
actionpack (5.1.2) lib/action_dispatch/middleware/remote_ip.rb:79:in `call'
actionpack (5.1.2) lib/action_dispatch/middleware/request_id.rb:25:in `call'
rack (2.0.3) lib/rack/runtime.rb:22:in `call'
activesupport (5.1.2) lib/active_support/cache/strategy/local_cache_middleware.rb:27:in `call'
actionpack (5.1.2) lib/action_dispatch/middleware/executor.rb:12:in `call'
actionpack (5.1.2) lib/action_dispatch/middleware/static.rb:125:in `call'
rack (2.0.3) lib/rack/sendfile.rb:111:in `call'
railties (5.1.2) lib/rails/engine.rb:522:in `call'
puma (3.9.1) lib/puma/configuration.rb:224:in `call'
puma (3.9.1) lib/puma/server.rb:602:in `handle_request'
puma (3.9.1) lib/puma/server.rb:435:in `process_client'
puma (3.9.1) lib/puma/server.rb:299:in `block in run'
puma (3.9.1) lib/puma/thread_pool.rb:120:in `block in spawn_thread'
Started GET "/api/transactions" for 127.0.0.1 at 2017-07-31 22:05:19 -0400
Processing by Api::TransactionsController#index as HTML
  [1m[36mTransaction Exists (0.3ms)[0m  [1m[34mSELECT  1 AS one FROM `transactions` LIMIT 1[0m
  [1m[36mCACHE Transaction Exists (0.0ms)[0m  [1m[34mSELECT  1 AS one FROM `transactions` LIMIT 1[0m  [["LIMIT", 1]]
  [1m[36mTransaction Load (0.3ms)[0m  [1m[34mSELECT `transactions`.* FROM `transactions` ORDER BY date DESC[0m
Completed 500 Internal Server Error in 14ms (ActiveRecord: 1.2ms)


  
NameError (uninitialized constant TransactionSerializer):
  
app/controllers/api/transactions_controller.rb:3:in `index'
Started GET "/api/transactions" for 127.0.0.1 at 2017-07-31 22:06:25 -0400
Processing by Api::TransactionsController#index as HTML
  [1m[36mTransaction Exists (0.2ms)[0m  [1m[34mSELECT  1 AS one FROM `transactions` LIMIT 1[0m
  [1m[36mCACHE Transaction Exists (0.0ms)[0m  [1m[34mSELECT  1 AS one FROM `transactions` LIMIT 1[0m  [["LIMIT", 1]]
  [1m[36mTransaction Load (0.3ms)[0m  [1m[34mSELECT `transactions`.* FROM `transactions` ORDER BY date DESC[0m
Completed 500 Internal Server Error in 12ms (ActiveRecord: 0.5ms)


  
NameError (uninitialized constant TransactionSerializer):
  
app/controllers/api/transactions_controller.rb:3:in `index'
Started GET "/api/transactions" for 127.0.0.1 at 2017-07-31 22:11:38 -0400
Processing by Api::TransactionsController#index as HTML
  [1m[36mTransaction Exists (0.3ms)[0m  [1m[34mSELECT  1 AS one FROM `transactions` LIMIT 1[0m
  [1m[36mCACHE Transaction Exists (0.0ms)[0m  [1m[34mSELECT  1 AS one FROM `transactions` LIMIT 1[0m  [["LIMIT", 1]]
  [1m[36mTransaction Load (0.2ms)[0m  [1m[34mSELECT `transactions`.* FROM `transactions` ORDER BY date DESC[0m
Completed 500 Internal Server Error in 17ms (ActiveRecord: 0.5ms)


  
NameError (uninitialized constant TransactionSerializer):
  
app/controllers/api/transactions_controller.rb:4:in `index'
Started GET "/api/transactions" for 127.0.0.1 at 2017-07-31 22:15:12 -0400
Processing by Api::TransactionsController#index as HTML
  [1m[36mTransaction Exists (0.3ms)[0m  [1m[34mSELECT  1 AS one FROM `transactions` LIMIT 1[0m
  [1m[36mCACHE Transaction Exists (0.0ms)[0m  [1m[34mSELECT  1 AS one FROM `transactions` LIMIT 1[0m  [["LIMIT", 1]]
  [1m[36mTransaction Load (0.5ms)[0m  [1m[34mSELECT `transactions`.* FROM `transactions` ORDER BY date DESC[0m
Completed 500 Internal Server Error in 14ms (ActiveRecord: 0.8ms)


  
NameError (uninitialized constant TransactionSerializer):
  
app/controllers/api/transactions_controller.rb:4:in `index'
Started GET "/api/transactions" for 127.0.0.1 at 2017-07-31 22:15:13 -0400
Processing by Api::TransactionsController#index as HTML
  [1m[36mTransaction Exists (0.3ms)[0m  [1m[34mSELECT  1 AS one FROM `transactions` LIMIT 1[0m
  [1m[36mCACHE Transaction Exists (0.0ms)[0m  [1m[34mSELECT  1 AS one FROM `transactions` LIMIT 1[0m  [["LIMIT", 1]]
  [1m[36mTransaction Load (0.5ms)[0m  [1m[34mSELECT `transactions`.* FROM `transactions` ORDER BY date DESC[0m
Completed 500 Internal Server Error in 4ms (ActiveRecord: 0.9ms)


  
NameError (uninitialized constant TransactionSerializer):
  
app/controllers/api/transactions_controller.rb:4:in `index'
Started GET "/api/transactions" for 127.0.0.1 at 2017-07-31 22:15:15 -0400
Processing by Api::TransactionsController#index as HTML
  [1m[36mTransaction Exists (0.3ms)[0m  [1m[34mSELECT  1 AS one FROM `transactions` LIMIT 1[0m
  [1m[36mCACHE Transaction Exists (0.0ms)[0m  [1m[34mSELECT  1 AS one FROM `transactions` LIMIT 1[0m  [["LIMIT", 1]]
  [1m[36mTransaction Load (0.3ms)[0m  [1m[34mSELECT `transactions`.* FROM `transactions` ORDER BY date DESC[0m
Completed 500 Internal Server Error in 3ms (ActiveRecord: 0.6ms)


  
NameError (uninitialized constant TransactionSerializer):
  
app/controllers/api/transactions_controller.rb:4:in `index'
Started GET "/api/transactions" for 127.0.0.1 at 2017-07-31 22:17:53 -0400
  [1m[35m (0.2ms)[0m  [1m[34mSELECT `schema_migrations`.`version` FROM `schema_migrations` ORDER BY `schema_migrations`.`version` ASC[0m
Processing by Api::TransactionsController#index as HTML
  [1m[36mTransaction Exists (0.3ms)[0m  [1m[34mSELECT  1 AS one FROM `transactions` LIMIT 1[0m
  [1m[36mCACHE Transaction Exists (0.0ms)[0m  [1m[34mSELECT  1 AS one FROM `transactions` LIMIT 1[0m  [["LIMIT", 1]]
  [1m[36mTransaction Load (0.3ms)[0m  [1m[34mSELECT `transactions`.* FROM `transactions` ORDER BY date DESC[0m
Completed 500 Internal Server Error in 12ms (ActiveRecord: 0.5ms)


  
NameError (uninitialized constant TransactionSerializer):
  
app/controllers/api/transactions_controller.rb:5:in `index'
Started GET "/api/transactions" for 127.0.0.1 at 2017-07-31 22:22:50 -0400
  
SyntaxError (/Users/d_berman/Documents/budgee_site/budgee_api/app/controllers/api/transactions_controller.rb:8: syntax error, unexpected tIDENTIFIER, expecting ')'
        serializer: TransactionSerializer
                  ^):
  
app/controllers/api/transactions_controller.rb:8: syntax error, unexpected tIDENTIFIER, expecting ')'
Started GET "/api/transactions" for 127.0.0.1 at 2017-07-31 22:25:19 -0400
  
SyntaxError (/Users/d_berman/Documents/budgee_site/budgee_api/app/controllers/api/transactions_controller.rb:9: syntax error, unexpected tIDENTIFIER, expecting ')'
        serializer: Api::TransactionSerializer
                  ^
/Users/d_berman/Documents/budgee_site/budgee_api/app/controllers/api/transactions_controller.rb:10: syntax error, unexpected ')', expecting keyword_end
      )
       ^):
  
app/controllers/api/transactions_controller.rb:9: syntax error, unexpected tIDENTIFIER, expecting ')'
app/controllers/api/transactions_controller.rb:10: syntax error, unexpected ')', expecting keyword_end
Started GET "/api/transactions" for 127.0.0.1 at 2017-07-31 22:25:22 -0400
  
SyntaxError (/Users/d_berman/Documents/budgee_site/budgee_api/app/controllers/api/transactions_controller.rb:9: syntax error, unexpected tIDENTIFIER, expecting ')'
        serializer: Api::TransactionSerializer
                  ^
/Users/d_berman/Documents/budgee_site/budgee_api/app/controllers/api/transactions_controller.rb:10: syntax error, unexpected ')', expecting keyword_end
      )
       ^):
  
app/controllers/api/transactions_controller.rb:9: syntax error, unexpected tIDENTIFIER, expecting ')'
app/controllers/api/transactions_controller.rb:10: syntax error, unexpected ')', expecting keyword_end
Started GET "/api/transactions" for 127.0.0.1 at 2017-07-31 22:25:58 -0400
Processing by Api::TransactionsController#index as HTML
Completed 500 Internal Server Error in 3ms (ActiveRecord: 0.0ms)


  
NoMethodError (undefined method `pry' for #<Binding:0x007f8155beb878>
Did you mean?  try):
  
app/controllers/api/transactions_controller.rb:5:in `index'
Started GET "/api/transactions" for 127.0.0.1 at 2017-07-31 22:26:48 -0400
Processing by Api::TransactionsController#index as HTML
Completed 500 Internal Server Error in 1ms (ActiveRecord: 0.0ms)


  
NoMethodError (undefined method `pry' for #<Binding:0x007f8155c103a8>
Did you mean?  try):
  
app/controllers/api/transactions_controller.rb:5:in `index'
Started GET "/api/transactions" for 127.0.0.1 at 2017-07-31 22:27:05 -0400
Processing by Api::TransactionsController#index as HTML
Completed 500 Internal Server Error in 1ms (ActiveRecord: 0.0ms)


  
NoMethodError (undefined method `pry' for #<Binding:0x007f8155c18c88>
Did you mean?  try):
  
app/controllers/api/transactions_controller.rb:5:in `index'
Started GET "/api/transactions" for 127.0.0.1 at 2017-07-31 22:29:59 -0400
  
LoadError (cannot load such file -- pry):
  
app/controllers/api/transactions_controller.rb:1:in `<top (required)>'
Started GET "/api/transactions" for 127.0.0.1 at 2017-07-31 22:30:03 -0400
  
LoadError (cannot load such file -- pry):
  
app/controllers/api/transactions_controller.rb:1:in `<top (required)>'
Started GET "/api/transactions" for 127.0.0.1 at 2017-07-31 22:32:30 -0400
  
LoadError (cannot load such file -- pry):
  
app/controllers/api/transactions_controller.rb:1:in `<top (required)>'
Started GET "/api/transactions" for 127.0.0.1 at 2017-07-31 22:32:32 -0400
  
LoadError (cannot load such file -- pry):
  
app/controllers/api/transactions_controller.rb:1:in `<top (required)>'
Started GET "/api/transactions" for 127.0.0.1 at 2017-07-31 22:32:52 -0400
  
LoadError (cannot load such file -- pry):
  
app/controllers/api/transactions_controller.rb:1:in `<top (required)>'
Started GET "/api/transactions" for 127.0.0.1 at 2017-07-31 22:34:28 -0400
  
LoadError (cannot load such file -- pry):
  
app/controllers/api/transactions_controller.rb:3:in `<class:TransactionsController>'
app/controllers/api/transactions_controller.rb:2:in `<module:Api>'
app/controllers/api/transactions_controller.rb:1:in `<top (required)>'
Started GET "/api/transactions" for 127.0.0.1 at 2017-07-31 22:35:53 -0400
  
LoadError (cannot load such file -- pry-rails):
  
app/controllers/api/transactions_controller.rb:3:in `<class:TransactionsController>'
app/controllers/api/transactions_controller.rb:2:in `<module:Api>'
app/controllers/api/transactions_controller.rb:1:in `<top (required)>'
Started GET "/api/transactions" for 127.0.0.1 at 2017-07-31 22:35:55 -0400
  
LoadError (cannot load such file -- pry-rails):
  
app/controllers/api/transactions_controller.rb:3:in `<class:TransactionsController>'
app/controllers/api/transactions_controller.rb:2:in `<module:Api>'
app/controllers/api/transactions_controller.rb:1:in `<top (required)>'
Started GET "/api/transactions" for 127.0.0.1 at 2017-07-31 22:37:37 -0400
  
LoadError (cannot load such file -- pry-rails):
  
app/controllers/api/transactions_controller.rb:3:in `<class:TransactionsController>'
app/controllers/api/transactions_controller.rb:2:in `<module:Api>'
app/controllers/api/transactions_controller.rb:1:in `<top (required)>'
